<?xml version="1.0" encoding="UTF-8"?>
<!-- Generated by org.testng.reporters.JUnitReportReporter -->
<testsuite hostname="Popcorn27" failures="0" tests="1" name="Testngpckg.parameterizationpgm" time="0.012" errors="0" timestamp="2023-09-18T09:35:56 IST" skipped="0">
  <testcase classname="Testngpckg.parameterizationpgm" name="todoparameterization" time="0.012"/>
  <system-out/>
</testsuite> <!-- Testngpckg.parameterizationpgm -->
