<?xml version="1.0" encoding="UTF-8"?>
<!-- Generated by org.testng.reporters.JUnitReportReporter -->
<testsuite hostname="Popcorn27" failures="0" tests="1" name="Testngpckg.amazonswitchwindow" time="49.337" errors="0" timestamp="2023-09-25T11:15:26 IST" skipped="0">
  <testcase classname="Testngpckg.amazonswitchwindow" name="todoswitchwindowinamazon" time="49.337"/>
  <system-out/>
</testsuite> <!-- Testngpckg.amazonswitchwindow -->
