<?xml version="1.0" encoding="UTF-8"?>
<!-- Generated by org.testng.reporters.JUnitReportReporter -->
<testsuite hostname="Popcorn27" failures="0" tests="1" name="Testngpckg.draganddropbank" time="6.795" errors="0" timestamp="2023-09-21T10:40:00 IST" skipped="0">
  <testcase classname="Testngpckg.draganddropbank" name="tododraganddrop" time="6.795"/>
  <system-out/>
</testsuite> <!-- Testngpckg.draganddropbank -->
