<?xml version="1.0" encoding="UTF-8"?>
<!-- Generated by org.testng.reporters.JUnitReportReporter -->
<testsuite hostname="Popcorn27" failures="0" tests="1" name="ProjectTEst.fbloginaction" time="0.346" errors="0" timestamp="2023-10-01T12:28:36 IST" skipped="0">
  <testcase classname="ProjectTEst.fbloginaction" name="todofblogin" time="0.346"/>
  <system-out/>
</testsuite> <!-- ProjectTEst.fbloginaction -->
