<?xml version="1.0" encoding="UTF-8"?>
<!-- Generated by org.testng.reporters.JUnitReportReporter -->
<testsuite hostname="Popcorn27" failures="0" tests="1" name="Testngpckg.hwrightclickdoubleclick" time="7.172" errors="0" timestamp="2023-09-20T20:41:38 IST" skipped="0">
  <testcase classname="Testngpckg.hwrightclickdoubleclick" name="hwguru99rightdouble" time="7.172"/>
  <system-out/>
</testsuite> <!-- Testngpckg.hwrightclickdoubleclick -->
