<?xml version="1.0" encoding="UTF-8"?>
<!-- Generated by org.testng.reporters.JUnitReportReporter -->
<testsuite hostname="Popcorn27" failures="0" tests="1" name="ProjectTEst.taskaction" time="11.191" errors="0" timestamp="2023-10-01T20:31:54 IST" skipped="0">
  <testcase classname="ProjectTEst.taskaction" name="todotaskaction" time="11.191"/>
  <system-out/>
</testsuite> <!-- ProjectTEst.taskaction -->
