<?xml version="1.0" encoding="UTF-8"?>
<!-- Generated by org.testng.reporters.JUnitReportReporter -->
<testsuite hostname="Popcorn27" failures="0" tests="1" name="Testngpckg.taslkmousehoverebay" time="5.205" errors="0" timestamp="2023-09-21T09:46:13 IST" skipped="0">
  <testcase classname="Testngpckg.taslkmousehoverebay" name="todomousehover" time="5.205"/>
  <system-out/>
</testsuite> <!-- Testngpckg.taslkmousehoverebay -->
