<?xml version="1.0" encoding="UTF-8"?>
<!-- Generated by org.testng.reporters.JUnitReportReporter -->
<testsuite hostname="Popcorn27" failures="0" tests="2" name="Testngpckg.taskenabledisable" time="3.306" errors="0" timestamp="2023-09-18T11:03:38 IST" skipped="0">
  <testcase classname="Testngpckg.taskenabledisable" name="todoradiobuttonchek" time="2.587"/>
  <system-out/>
  <testcase classname="Testngpckg.taskenabledisable" name="buttonenabled" time="0.719"/>
  <system-out/>
</testsuite> <!-- Testngpckg.taskenabledisable -->
