<?xml version="1.0" encoding="UTF-8"?>
<!-- Generated by org.testng.reporters.JUnitReportReporter -->
<testsuite hostname="Popcorn27" failures="0" tests="1" name="Testngpckg.roughtask" time="0.548" errors="0" timestamp="2023-09-29T11:10:56 IST" skipped="0">
  <testcase classname="Testngpckg.roughtask" name="todoinsaucecom" time="0.548"/>
  <system-out/>
</testsuite> <!-- Testngpckg.roughtask -->
