<?xml version="1.0" encoding="UTF-8"?>
<!-- Generated by org.testng.reporters.JUnitReportReporter -->
<testsuite hostname="Popcorn27" failures="0" tests="1" name="Testngpckg.robotclassfileupload" time="6.498" errors="0" timestamp="2023-09-24T21:49:28 IST" skipped="0">
  <testcase classname="Testngpckg.robotclassfileupload" name="todorobotclassinpdf" time="6.498"/>
  <system-out/>
</testsuite> <!-- Testngpckg.robotclassfileupload -->
