<?xml version="1.0" encoding="UTF-8"?>
<!-- Generated by org.testng.reporters.JUnitReportReporter -->
<testsuite hostname="Popcorn27" failures="0" tests="1" name="ProjectTEst.fbcreatepageaction" time="2.267" errors="0" timestamp="2023-09-29T10:31:59 IST" skipped="0">
  <testcase classname="ProjectTEst.fbcreatepageaction" name="todofbcreatepageaction" time="2.267"/>
  <system-out/>
</testsuite> <!-- ProjectTEst.fbcreatepageaction -->
