<?xml version="1.0" encoding="UTF-8"?>
<!-- Generated by org.testng.reporters.JUnitReportReporter -->
<testsuite hostname="Popcorn27" failures="0" tests="1" name="Testngpckg.hwdraganddrop" time="7.840" errors="0" timestamp="2023-09-21T15:51:19 IST" skipped="0">
  <testcase classname="Testngpckg.hwdraganddrop" name="tododraganddrop" time="7.840"/>
  <system-out/>
</testsuite> <!-- Testngpckg.hwdraganddrop -->
