<?xml version="1.0" encoding="UTF-8"?>
<!-- Generated by org.testng.reporters.JUnitReportReporter -->
<testsuite hostname="Popcorn27" failures="0" tests="1" name="Testngpckg.hwkeyboardevents" time="4.070" errors="0" timestamp="2023-09-20T19:49:12 IST" skipped="0">
  <testcase classname="Testngpckg.hwkeyboardevents" name="todoinredifffield" time="4.070"/>
  <system-out/>
</testsuite> <!-- Testngpckg.hwkeyboardevents -->
