<?xml version="1.0" encoding="UTF-8"?>
<!-- Generated by org.testng.reporters.JUnitReportReporter -->
<testsuite hostname="Popcorn27" failures="0" tests="1" name="Testngpckg.Datepick" time="11.253" errors="0" timestamp="2023-10-03T10:09:34 IST" skipped="0">
  <testcase classname="Testngpckg.Datepick" name="tododatepick" time="11.253"/>
  <system-out/>
</testsuite> <!-- Testngpckg.Datepick -->
