<?xml version="1.0" encoding="UTF-8"?>
<!-- Generated by org.testng.reporters.JUnitReportReporter -->
<testsuite hostname="Popcorn27" failures="0" tests="3" name="Testngpckg.groupingpgm" time="0.017" errors="0" timestamp="2023-09-16T19:26:45 IST" skipped="0">
  <testcase classname="Testngpckg.groupingpgm" name="test3" time="0.002"/>
  <system-out/>
  <testcase classname="Testngpckg.groupingpgm" name="test4" time="0.002"/>
  <system-out/>
  <testcase classname="Testngpckg.groupingpgm" name="test1" time="0.013"/>
  <system-out/>
</testsuite> <!-- Testngpckg.groupingpgm -->
