<?xml version="1.0" encoding="UTF-8"?>
<!-- Generated by org.testng.reporters.JUnitReportReporter -->
<testsuite hostname="Popcorn27" failures="0" tests="1" name="Testngpckg.disablebrowsernotif" time="2.148" errors="0" timestamp="2023-09-28T10:08:47 IST" skipped="0">
  <testcase classname="Testngpckg.disablebrowsernotif" name="todoinJD" time="2.148"/>
  <system-out/>
</testsuite> <!-- Testngpckg.disablebrowsernotif -->
