<?xml version="1.0" encoding="UTF-8"?>
<!-- Generated by org.testng.reporters.JUnitReportReporter -->
<testsuite hostname="Popcorn27" failures="0" tests="1" name="Testngpckg.scrolldown" time="1.635" errors="0" timestamp="2023-09-28T19:53:43 IST" skipped="0">
  <testcase classname="Testngpckg.scrolldown" name="todoscrolldowninamazon" time="1.635"/>
  <system-out/>
</testsuite> <!-- Testngpckg.scrolldown -->
