<?xml version="1.0" encoding="UTF-8"?>
<!-- Generated by org.testng.reporters.JUnitReportReporter -->
<testsuite hostname="Popcorn27" failures="0" tests="1" name="Testngpckg.hwrobotclassfileupload" time="5.660" errors="0" timestamp="2023-09-24T23:06:20 IST" skipped="0">
  <testcase classname="Testngpckg.hwrobotclassfileupload" name="todorobotclassfileuploa" time="5.660"/>
  <system-out/>
</testsuite> <!-- Testngpckg.hwrobotclassfileupload -->
