<?xml version="1.0" encoding="UTF-8"?>
<!-- Generated by org.testng.reporters.JUnitReportReporter -->
<testsuite hostname="Popcorn27" failures="0" tests="1" name="Testngpckg.hwstopbrowsernotif" time="2.128" errors="0" timestamp="2023-09-28T20:14:48 IST" skipped="0">
  <testcase classname="Testngpckg.hwstopbrowsernotif" name="todoinJD" time="2.128"/>
  <system-out/>
</testsuite> <!-- Testngpckg.hwstopbrowsernotif -->
