<?xml version="1.0" encoding="UTF-8"?>
<!-- Generated by org.testng.reporters.JUnitReportReporter -->
<testsuite hostname="Popcorn27" failures="0" tests="1" name="Testngpckg.keyboardevents" time="3.191" errors="0" timestamp="2023-09-20T09:47:52 IST" skipped="0">
  <testcase classname="Testngpckg.keyboardevents" name="keyboardrediff" time="3.191"/>
  <system-out/>
</testsuite> <!-- Testngpckg.keyboardevents -->
