<?xml version="1.0" encoding="UTF-8"?>
<!-- Generated by org.testng.reporters.JUnitReportReporter -->
<testsuite hostname="Popcorn27" failures="0" tests="1" name="Testngpckg.hwparameterization" time="2.254" errors="0" timestamp="2023-09-18T19:38:56 IST" skipped="0">
  <testcase classname="Testngpckg.hwparameterization" name="todoininstagram" time="2.254"/>
  <system-out/>
</testsuite> <!-- Testngpckg.hwparameterization -->
