<?xml version="1.0" encoding="UTF-8"?>
<!-- Generated by org.testng.reporters.JUnitReportReporter -->
<testsuite hostname="Popcorn27" failures="0" tests="2" name="Testngpckg.croosbrowser" time="8.722" errors="0" timestamp="2023-09-19T09:57:56 IST" skipped="0">
  <testcase classname="Testngpckg.croosbrowser" name="todoinfb" time="4.817"/>
  <system-out/>
  <testcase classname="Testngpckg.croosbrowser" name="todoinfb" time="3.905"/>
  <system-out/>
</testsuite> <!-- Testngpckg.croosbrowser -->
