<?xml version="1.0" encoding="UTF-8"?>
<!-- Generated by org.testng.reporters.JUnitReportReporter -->
<testsuite hostname="Popcorn27" failures="0" tests="1" name="Testngpckg.facebookxml" time="1.343" errors="0" timestamp="2023-09-18T10:26:30 IST" skipped="0">
  <testcase classname="Testngpckg.facebookxml" name="todoinfb" time="1.343"/>
  <system-out/>
</testsuite> <!-- Testngpckg.facebookxml -->
