<?xml version="1.0" encoding="UTF-8"?>
<!-- Generated by org.testng.reporters.JUnitReportReporter -->
<testsuite hostname="Popcorn27" failures="0" tests="2" name="Testngpckg.hwcrossbrowser" time="5.209" errors="0" timestamp="2023-09-19T21:41:13 IST" skipped="0">
  <testcase classname="Testngpckg.hwcrossbrowser" name="todoinebay" time="2.522"/>
  <system-out/>
  <testcase classname="Testngpckg.hwcrossbrowser" name="todoinebay" time="2.687"/>
  <system-out/>
</testsuite> <!-- Testngpckg.hwcrossbrowser -->
