<?xml version="1.0" encoding="UTF-8"?>
<!-- Generated by org.testng.reporters.JUnitReportReporter -->
<testsuite hostname="Popcorn27" failures="0" tests="1" name="Testngpckg.hwmousehover" time="5.326" errors="0" timestamp="2023-09-21T15:24:27 IST" skipped="0">
  <testcase classname="Testngpckg.hwmousehover" name="todoebaymousehover" time="5.326"/>
  <system-out/>
</testsuite> <!-- Testngpckg.hwmousehover -->
