<?xml version="1.0" encoding="UTF-8"?>
<!-- Generated by org.testng.reporters.JUnitReportReporter -->
<testsuite hostname="Popcorn27" failures="0" tests="1" name="Testngpckg.Hwscrolldwnanddo" time="4.456" errors="0" timestamp="2023-09-28T20:37:44 IST" skipped="0">
  <testcase classname="Testngpckg.Hwscrolldwnanddo" name="todoscrolldowninamz" time="4.456"/>
  <system-out/>
</testsuite> <!-- Testngpckg.Hwscrolldwnanddo -->
