<?xml version="1.0" encoding="UTF-8"?>
<!-- Generated by org.testng.reporters.JUnitReportReporter -->
<testsuite hostname="Popcorn27" failures="0" tests="3" name="Testngpckg.firstscripttestng" time="0.010" errors="0" timestamp="2023-09-16T10:54:12 IST" skipped="0">
  <testcase classname="Testngpckg.firstscripttestng" name="test1" time="0.002"/>
  <system-out/>
  <testcase classname="Testngpckg.firstscripttestng" name="test1" time="0.006"/>
  <system-out/>
  <testcase classname="Testngpckg.firstscripttestng" name="test2" time="0.002"/>
  <system-out/>
</testsuite> <!-- Testngpckg.firstscripttestng -->
