<?xml version="1.0" encoding="UTF-8"?>
<!-- Generated by org.testng.reporters.JUnitReportReporter -->
<testsuite hostname="Popcorn27" failures="0" tests="1" name="Testngpckg.loginvalidationsaucedemo" time="0.953" errors="0" timestamp="2023-09-28T20:02:46 IST" skipped="0">
  <testcase classname="Testngpckg.loginvalidationsaucedemo" name="todoinsaucedemo" time="0.953"/>
  <system-out/>
</testsuite> <!-- Testngpckg.loginvalidationsaucedemo -->
