<?xml version="1.0" encoding="UTF-8"?>
<!-- Generated by org.testng.reporters.JUnitReportReporter -->
<testsuite hostname="Popcorn27" failures="0" tests="1" name="Testngpckg.sendkeysfileupload" time="6.217" errors="0" timestamp="2023-09-22T09:31:34 IST" skipped="0">
  <testcase classname="Testngpckg.sendkeysfileupload" name="todosendkeysfileupload" time="6.217"/>
  <system-out/>
</testsuite> <!-- Testngpckg.sendkeysfileupload -->
