<?xml version="1.0" encoding="UTF-8"?>
<!-- Generated by org.testng.reporters.JUnitReportReporter -->
<testsuite hostname="Popcorn27" failures="0" tests="1" name="Testngpckg.hwdatepick" time="9.927" errors="0" timestamp="2023-10-04T09:15:56 IST" skipped="0">
  <testcase classname="Testngpckg.hwdatepick" name="todobookingcom" time="9.927"/>
  <system-out/>
</testsuite> <!-- Testngpckg.hwdatepick -->
