<?xml version="1.0" encoding="UTF-8"?>
<!-- Generated by org.testng.reporters.JUnitReportReporter -->
<testsuite hostname="Popcorn27" failures="0" tests="1" name="Testngpckg.rough" time="1.924" errors="0" timestamp="2023-09-30T21:21:10 IST" skipped="0">
  <testcase classname="Testngpckg.rough" name="tododatadrivinfb" time="1.924"/>
  <system-out/>
</testsuite> <!-- Testngpckg.rough -->
