<?xml version="1.0" encoding="UTF-8"?>
<!-- Generated by org.testng.reporters.JUnitReportReporter -->
<testsuite hostname="Popcorn27" failures="0" tests="4" name="Testngpckg.fullebaytask" time="6.951" errors="0" timestamp="2023-09-19T10:55:23 IST" skipped="0">
  <testcase classname="Testngpckg.fullebaytask" name="searchbutton" time="2.447"/>
  <system-out/>
  <testcase classname="Testngpckg.fullebaytask" name="logo" time="1.542"/>
  <system-out/>
  <testcase classname="Testngpckg.fullebaytask" name="linkcountebay" time="1.534"/>
  <system-out/>
  <testcase classname="Testngpckg.fullebaytask" name="dailydealstext" time="1.428"/>
  <system-out/>
</testsuite> <!-- Testngpckg.fullebaytask -->
