<?xml version="1.0" encoding="UTF-8"?>
<!-- Generated by org.testng.reporters.JUnitReportReporter -->
<testsuite hostname="Popcorn27" failures="0" tests="1" name="Testngpckg.taslkmousehoverebayexplicity" time="9.305" errors="0" timestamp="2023-09-21T15:06:43 IST" skipped="0">
  <testcase classname="Testngpckg.taslkmousehoverebayexplicity" name="todomousehover" time="9.305"/>
  <system-out/>
</testsuite> <!-- Testngpckg.taslkmousehoverebayexplicity -->
