<?xml version="1.0" encoding="UTF-8"?>
<!-- Generated by org.testng.reporters.JUnitReportReporter -->
<testsuite hostname="Popcorn27" failures="0" tests="1" name="Testngpckg.datadriventestfb" time="4.871" errors="0" timestamp="2023-10-01T12:58:21 IST" skipped="0">
  <testcase classname="Testngpckg.datadriventestfb" name="tododatadrivinfb" time="4.871"/>
  <system-out/>
</testsuite> <!-- Testngpckg.datadriventestfb -->
