<?xml version="1.0" encoding="UTF-8"?>
<!-- Generated by org.testng.reporters.JUnitReportReporter -->
<testsuite hostname="Popcorn27" failures="0" tests="1" name="Testngpckg.hwsendkeysfileupload" time="3.385" errors="0" timestamp="2023-09-24T22:00:27 IST" skipped="0">
  <testcase classname="Testngpckg.hwsendkeysfileupload" name="todosendkeyfileupload" time="3.385"/>
  <system-out/>
</testsuite> <!-- Testngpckg.hwsendkeysfileupload -->
