<?xml version="1.0" encoding="UTF-8"?>
<!-- Generated by org.testng.reporters.JUnitReportReporter -->
<testsuite hostname="Popcorn27" failures="0" tests="1" name="Testngpckg.multipletabshandle" time="13.552" errors="0" timestamp="2023-09-25T10:16:59 IST" skipped="0">
  <testcase classname="Testngpckg.multipletabshandle" name="todowindowhandle" time="13.552"/>
  <system-out/>
</testsuite> <!-- Testngpckg.multipletabshandle -->
